------------------------------------------------------------------------------------------------------------------------

[2024-03-27 17:45:29 #1 store] 
Database 'C:\Users\juanf\IdeaProjects\trabajoAccesoDatos\src\data\alquileres.odb' is opened by 4784@LAPTOP-MMN745F5

[2024-03-27 17:45:29 #2 store] 
Configuration path: ?

[2024-03-27 17:45:29 #3 type] 
Type objectDB.Alquiler is not enhanced.

------------------------------------------------------------------------------------------------------------------------

[2024-03-27 18:33:26 #1 store] 
Database 'C:\Users\juanf\IdeaProjects\trabajoAccesoDatos\src\data\alquileres.odb' is opened by 17896@LAPTOP-MMN745F5

[2024-03-27 18:33:26 #2 store] 
Configuration path: ?

[2024-03-27 18:33:26 #3 type] 
Type objectDB.Alquiler is not enhanced.

------------------------------------------------------------------------------------------------------------------------

[2024-03-27 18:33:44 #1 store] 
Database 'C:\Users\juanf\IdeaProjects\trabajoAccesoDatos\src\data\alquileres.odb' is opened by 7852@LAPTOP-MMN745F5

[2024-03-27 18:33:44 #2 store] 
Configuration path: ?

[2024-03-27 18:33:44 #3 type] 
Type objectDB.Alquiler is not enhanced.

------------------------------------------------------------------------------------------------------------------------

[2024-03-27 18:34:51 #1 store] 
Database 'C:\Users\juanf\IdeaProjects\trabajoAccesoDatos\src\data\alquileres.odb' is opened by 9024@LAPTOP-MMN745F5

[2024-03-27 18:34:51 #2 store] 
Configuration path: ?

[2024-03-27 18:34:51 #3 type] 
Type objectDB.Alquiler is not enhanced.

------------------------------------------------------------------------------------------------------------------------

[2024-03-27 18:36:30 #1 store] 
Database 'C:\Users\juanf\IdeaProjects\trabajoAccesoDatos\src\data\alquileres.odb' is opened by 14280@LAPTOP-MMN745F5

[2024-03-27 18:36:30 #2 store] 
Configuration path: ?

[2024-03-27 18:36:30 #3 type] 
Type objectDB.Alquiler is not enhanced.

------------------------------------------------------------------------------------------------------------------------

[2024-03-27 18:37:28 #1 store] 
Database 'C:\Users\juanf\IdeaProjects\trabajoAccesoDatos\src\data\alquileres.odb' is opened by 12904@LAPTOP-MMN745F5

[2024-03-27 18:37:28 #2 store] 
Configuration path: ?

[2024-03-27 18:37:28 #3 type] 
Type objectDB.Alquiler is not enhanced.

------------------------------------------------------------------------------------------------------------------------

[2024-03-27 18:38:25 #1 store] 
Database 'C:\Users\juanf\IdeaProjects\trabajoAccesoDatos\src\data\alquileres.odb' is opened by 12736@LAPTOP-MMN745F5

[2024-03-27 18:38:25 #2 store] 
Configuration path: ?

[2024-03-27 18:38:25 #3 type] 
Type objectDB.Alquiler is not enhanced.

[2024-03-27 18:38:43 #4 store] 
Database 'C:\Users\juanf\IdeaProjects\trabajoAccesoDatos\src\data\alquileres.odb' is closed by 12736@LAPTOP-MMN745F5

------------------------------------------------------------------------------------------------------------------------

[2024-03-27 18:52:11 #1 store] 
Database 'C:\Users\juanf\IdeaProjects\trabajoAccesoDatos\src\data\alquileres.odb' is opened by 18020@LAPTOP-MMN745F5

[2024-03-27 18:52:11 #2 store] 
Configuration path: ?

[2024-03-27 18:52:11 #3 type] 
Type objectDB.Alquiler is not enhanced.

------------------------------------------------------------------------------------------------------------------------

[2024-03-27 18:53:34 #1 store] 
Database 'C:\Users\juanf\IdeaProjects\trabajoAccesoDatos\src\data\alquileres.odb' is opened by 10328@LAPTOP-MMN745F5

[2024-03-27 18:53:34 #2 store] 
Configuration path: ?

[2024-03-27 18:53:34 #3 type] 
Type objectDB.Alquiler is not enhanced.

------------------------------------------------------------------------------------------------------------------------

[2024-03-27 19:00:13 #1 store] 
Database 'C:\Users\juanf\IdeaProjects\trabajoAccesoDatos\src\data\alquileres.odb' is opened by 1948@LAPTOP-MMN745F5

[2024-03-27 19:00:13 #2 store] 
Configuration path: ?

[2024-03-27 19:00:13 #3 type] 
Type objectDB.Alquiler is not enhanced.

------------------------------------------------------------------------------------------------------------------------

[2024-03-27 19:01:11 #1 store] 
Database 'C:\Users\juanf\IdeaProjects\trabajoAccesoDatos\src\data\alquileres.odb' has been recovered (tr. 7-7)

[2024-03-27 19:01:11 #2 store] 
Database 'C:\Users\juanf\IdeaProjects\trabajoAccesoDatos\src\data\alquileres.odb' is opened by 14984@LAPTOP-MMN745F5

[2024-03-27 19:01:11 #3 store] 
Configuration path: ?

[2024-03-27 19:01:11 #4 type] 
Type objectDB.Alquiler is not enhanced.

------------------------------------------------------------------------------------------------------------------------

[2024-03-27 19:02:46 #1 store] 
Database 'C:\Users\juanf\IdeaProjects\trabajoAccesoDatos\src\data\alquileres.odb' is opened by 2796@LAPTOP-MMN745F5

[2024-03-27 19:02:46 #2 store] 
Configuration path: ?

[2024-03-27 19:02:46 #3 type] 
Type objectDB.Alquiler is not enhanced.

------------------------------------------------------------------------------------------------------------------------

[2024-03-27 19:03:31 #1 store] 
Database 'C:\Users\juanf\IdeaProjects\trabajoAccesoDatos\src\data\alquileres.odb' is opened by 10368@LAPTOP-MMN745F5

[2024-03-27 19:03:31 #2 store] 
Configuration path: ?

[2024-03-27 19:03:31 #3 type] 
Type objectDB.Alquiler is not enhanced.

------------------------------------------------------------------------------------------------------------------------

[2024-03-27 19:04:29 #1 store] 
Database 'C:\Users\juanf\IdeaProjects\trabajoAccesoDatos\src\data\alquileres.odb' is opened by 10020@LAPTOP-MMN745F5

[2024-03-27 19:04:29 #2 store] 
Configuration path: ?

[2024-03-27 19:04:29 #3 type] 
Type objectDB.Alquiler is not enhanced.

------------------------------------------------------------------------------------------------------------------------

[2024-03-27 19:06:57 #1 store] 
Database 'C:\Users\juanf\IdeaProjects\trabajoAccesoDatos\src\data\alquileres.odb' has been recovered (tr. 9-10)

[2024-03-27 19:06:57 #2 store] 
Database 'C:\Users\juanf\IdeaProjects\trabajoAccesoDatos\src\data\alquileres.odb' is opened by 11088@LAPTOP-MMN745F5

[2024-03-27 19:06:57 #3 store] 
Configuration path: ?

[2024-03-27 19:06:57 #4 type] 
Type objectDB.Alquiler is not enhanced.

------------------------------------------------------------------------------------------------------------------------

[2024-03-27 19:09:14 #1 store] 
Database 'C:\Users\juanf\IdeaProjects\trabajoAccesoDatos\src\data\alquileres.odb' has been recovered (tr. 12-12)

[2024-03-27 19:09:14 #2 store] 
Database 'C:\Users\juanf\IdeaProjects\trabajoAccesoDatos\src\data\alquileres.odb' is opened by 19648@LAPTOP-MMN745F5

[2024-03-27 19:09:14 #3 store] 
Configuration path: ?

[2024-03-27 19:09:14 #4 type] 
Type objectDB.Alquiler is not enhanced.

------------------------------------------------------------------------------------------------------------------------

[2024-03-27 19:09:48 #1 store] 
Database 'C:\Users\juanf\IdeaProjects\trabajoAccesoDatos\src\data\alquileres.odb' has been recovered (tr. 13-13)

[2024-03-27 19:09:48 #2 store] 
Database 'C:\Users\juanf\IdeaProjects\trabajoAccesoDatos\src\data\alquileres.odb' is opened by 1576@LAPTOP-MMN745F5

[2024-03-27 19:09:48 #3 store] 
Configuration path: ?

[2024-03-27 19:09:48 #4 type] 
Type objectDB.Alquiler is not enhanced.

------------------------------------------------------------------------------------------------------------------------

[2024-03-27 19:12:43 #1 store] 
Database 'C:\Users\juanf\IdeaProjects\trabajoAccesoDatos\src\data\alquileres.odb' is opened by 7028@LAPTOP-MMN745F5

[2024-03-27 19:12:43 #2 store] 
Configuration path: ?

[2024-03-27 19:12:43 #3 type] 
Type objectDB.Alquiler is not enhanced.

[2024-03-27 19:13:03 #4 store] 
Database 'C:\Users\juanf\IdeaProjects\trabajoAccesoDatos\src\data\alquileres.odb' is closed by 7028@LAPTOP-MMN745F5

------------------------------------------------------------------------------------------------------------------------

[2024-03-27 19:31:23 #1 store] 
Database 'C:\Users\juanf\IdeaProjects\trabajoAccesoDatos\src\data\alquileres.odb' is opened by 18636@LAPTOP-MMN745F5

[2024-03-27 19:31:23 #2 store] 
Configuration path: ?

[2024-03-27 19:31:23 #3 type] 
Type objectDB.Alquiler is not enhanced.

------------------------------------------------------------------------------------------------------------------------

[2024-03-27 19:35:36 #1 store] 
Database 'C:\Users\juanf\IdeaProjects\trabajoAccesoDatos\src\data\alquileres.odb' is opened by 11300@LAPTOP-MMN745F5

[2024-03-27 19:35:36 #2 store] 
Configuration path: ?

[2024-03-27 19:35:36 #3 type] 
Type objectDB.Alquiler is not enhanced.

[2024-03-27 19:38:08 #4 store] 
Database 'C:\Users\juanf\IdeaProjects\trabajoAccesoDatos\src\data\alquileres.odb' is closed by 11300@LAPTOP-MMN745F5

