------------------------------------------------------------------------------------------------------------------------

[2024-02-21 10:08:58 #1 store] 
Database 'C:\Users\u06153\Desktop\accesoDatos\trabajo\TrabajoAccesoDatos2evJuanFranciscoPerez\src\data\alquileres.odb' is opened by 3056@ZARINF07

[2024-02-21 10:08:58 #2 store] 
Configuration path: ?

[2024-02-21 10:08:58 #3 type] 
Type objectDB.Alquiler is not enhanced.

[2024-02-21 10:08:58 #4 store] 
Database 'C:\Users\u06153\Desktop\accesoDatos\trabajo\TrabajoAccesoDatos2evJuanFranciscoPerez\src\data\alquileres.odb' is closed by 3056@ZARINF07

------------------------------------------------------------------------------------------------------------------------

[2024-02-21 10:09:18 #1 store] 
Database 'C:\Users\u06153\Desktop\accesoDatos\trabajo\TrabajoAccesoDatos2evJuanFranciscoPerez\src\data\alquileres.odb' is opened by 23588@ZARINF07

[2024-02-21 10:09:18 #2 store] 
Configuration path: ?

[2024-02-21 10:09:18 #3 type] 
Type objectDB.Alquiler is not enhanced.

[2024-02-21 10:09:18 #4 store] 
Database 'C:\Users\u06153\Desktop\accesoDatos\trabajo\TrabajoAccesoDatos2evJuanFranciscoPerez\src\data\alquileres.odb' is closed by 23588@ZARINF07

------------------------------------------------------------------------------------------------------------------------

[2024-02-21 11:13:59 #1 store] 
Database 'C:\Users\u06153\Desktop\accesoDatos\trabajo\TrabajoAccesoDatos2evJuanFranciscoPerez\src\data\alquileres.odb' is opened by 10584@ZARINF07

[2024-02-21 11:13:59 #2 store] 
Configuration path: ?

[2024-02-21 11:13:59 #3 type] 
Type objectDB.Alquiler is not enhanced.

------------------------------------------------------------------------------------------------------------------------

[2024-02-21 11:14:31 #1 store] 
Database 'C:\Users\u06153\Desktop\accesoDatos\trabajo\TrabajoAccesoDatos2evJuanFranciscoPerez\src\data\alquileres.odb' is opened by 10968@ZARINF07

[2024-02-21 11:14:31 #2 store] 
Configuration path: ?

[2024-02-21 11:14:31 #3 type] 
Type objectDB.Alquiler is not enhanced.

[2024-02-21 11:14:59 #4 store] 
Database 'C:\Users\u06153\Desktop\accesoDatos\trabajo\TrabajoAccesoDatos2evJuanFranciscoPerez\src\data\alquileres.odb' is closed by 10968@ZARINF07

------------------------------------------------------------------------------------------------------------------------

[2024-02-21 11:27:11 #1 store] 
Database 'C:\Users\u06153\Desktop\accesoDatos\trabajo\TrabajoAccesoDatos2evJuanFranciscoPerez\src\data\alquileres.odb' is opened by 2632@ZARINF07

[2024-02-21 11:27:11 #2 store] 
Configuration path: ?

[2024-02-21 11:27:11 #3 type] 
Type objectDB.Alquiler is not enhanced.

------------------------------------------------------------------------------------------------------------------------

[2024-02-21 11:45:15 #1 store] 
Database 'C:\Users\u06153\Desktop\accesoDatos\trabajo\TrabajoAccesoDatos2evJuanFranciscoPerez\src\data\alquileres.odb' has been recovered (tr. 6-6)

[2024-02-21 11:45:15 #2 store] 
Database 'C:\Users\u06153\Desktop\accesoDatos\trabajo\TrabajoAccesoDatos2evJuanFranciscoPerez\src\data\alquileres.odb' is opened by 15820@ZARINF07

[2024-02-21 11:45:15 #3 store] 
Configuration path: ?

[2024-02-21 11:45:15 #4 type] 
Type objectDB.Alquiler is not enhanced.

------------------------------------------------------------------------------------------------------------------------

[2024-02-21 11:46:28 #1 store] 
Database 'C:\Users\u06153\Desktop\accesoDatos\trabajo\TrabajoAccesoDatos2evJuanFranciscoPerez\src\data\alquileres.odb' has been recovered (tr. 8-8)

[2024-02-21 11:46:28 #2 store] 
Database 'C:\Users\u06153\Desktop\accesoDatos\trabajo\TrabajoAccesoDatos2evJuanFranciscoPerez\src\data\alquileres.odb' is opened by 12668@ZARINF07

[2024-02-21 11:46:28 #3 store] 
Configuration path: ?

[2024-02-21 11:46:28 #4 type] 
Type objectDB.Alquiler is not enhanced.

------------------------------------------------------------------------------------------------------------------------

[2024-02-21 11:50:14 #1 store] 
Database 'C:\Users\u06153\Desktop\accesoDatos\trabajo\TrabajoAccesoDatos2evJuanFranciscoPerez\src\data\alquileres.odb' has been recovered (tr. 10-11)

[2024-02-21 11:50:14 #2 store] 
Database 'C:\Users\u06153\Desktop\accesoDatos\trabajo\TrabajoAccesoDatos2evJuanFranciscoPerez\src\data\alquileres.odb' is opened by 4064@ZARINF07

[2024-02-21 11:50:14 #3 store] 
Configuration path: ?

[2024-02-21 11:50:14 #4 type] 
Type objectDB.Alquiler is not enhanced.

------------------------------------------------------------------------------------------------------------------------

[2024-02-21 11:52:18 #1 store] 
Database 'C:\Users\u06153\Desktop\accesoDatos\trabajo\TrabajoAccesoDatos2evJuanFranciscoPerez\src\data\alquileres.odb' has been recovered (tr. 13-13)

[2024-02-21 11:52:18 #2 store] 
Database 'C:\Users\u06153\Desktop\accesoDatos\trabajo\TrabajoAccesoDatos2evJuanFranciscoPerez\src\data\alquileres.odb' is opened by 2508@ZARINF07

[2024-02-21 11:52:18 #3 store] 
Configuration path: ?

[2024-02-21 11:52:18 #4 type] 
Type objectDB.Alquiler is not enhanced.

------------------------------------------------------------------------------------------------------------------------

[2024-02-21 11:52:46 #1 store] 
Database 'C:\Users\u06153\Desktop\accesoDatos\trabajo\TrabajoAccesoDatos2evJuanFranciscoPerez\src\data\alquileres.odb' has been recovered (tr. 15-15)

[2024-02-21 11:52:46 #2 store] 
Database 'C:\Users\u06153\Desktop\accesoDatos\trabajo\TrabajoAccesoDatos2evJuanFranciscoPerez\src\data\alquileres.odb' is opened by 25780@ZARINF07

[2024-02-21 11:52:46 #3 store] 
Configuration path: ?

[2024-02-21 11:52:46 #4 type] 
Type objectDB.Alquiler is not enhanced.

[2024-02-21 11:53:59 #5 store] 
Database 'C:\Users\u06153\Desktop\accesoDatos\trabajo\TrabajoAccesoDatos2evJuanFranciscoPerez\src\data\alquileres.odb' is closed by 25780@ZARINF07

------------------------------------------------------------------------------------------------------------------------

[2024-02-21 11:54:02 #1 store] 
Database 'C:\Users\u06153\Desktop\accesoDatos\trabajo\TrabajoAccesoDatos2evJuanFranciscoPerez\src\data\alquileres.odb' is opened by 25664@ZARINF07

[2024-02-21 11:54:02 #2 store] 
Configuration path: ?

[2024-02-21 11:54:02 #3 type] 
Type objectDB.Alquiler is not enhanced.

------------------------------------------------------------------------------------------------------------------------

[2024-02-21 11:54:39 #1 store] 
Database 'C:\Users\u06153\Desktop\accesoDatos\trabajo\TrabajoAccesoDatos2evJuanFranciscoPerez\src\data\alquileres.odb' has been recovered (tr. 20-20)

[2024-02-21 11:54:39 #2 store] 
Database 'C:\Users\u06153\Desktop\accesoDatos\trabajo\TrabajoAccesoDatos2evJuanFranciscoPerez\src\data\alquileres.odb' is opened by 21136@ZARINF07

[2024-02-21 11:54:39 #3 store] 
Configuration path: ?

[2024-02-21 11:54:39 #4 type] 
Type objectDB.Alquiler is not enhanced.

------------------------------------------------------------------------------------------------------------------------

[2024-02-21 11:54:46 #1 store] 
Database 'C:\Users\u06153\Desktop\accesoDatos\trabajo\TrabajoAccesoDatos2evJuanFranciscoPerez\src\data\alquileres.odb' has been recovered (tr. 21-21)

[2024-02-21 11:54:47 #2 store] 
Database 'C:\Users\u06153\Desktop\accesoDatos\trabajo\TrabajoAccesoDatos2evJuanFranciscoPerez\src\data\alquileres.odb' is opened by 11024@ZARINF07

[2024-02-21 11:54:47 #3 store] 
Configuration path: ?

[2024-02-21 11:54:47 #4 type] 
Type objectDB.Alquiler is not enhanced.

------------------------------------------------------------------------------------------------------------------------

[2024-02-21 11:55:47 #1 store] 
Database 'C:\Users\u06153\Desktop\accesoDatos\trabajo\TrabajoAccesoDatos2evJuanFranciscoPerez\src\data\alquileres.odb' is opened by 19232@ZARINF07

[2024-02-21 11:55:47 #2 store] 
Configuration path: ?

[2024-02-21 11:55:47 #3 type] 
Type objectDB.Alquiler is not enhanced.

------------------------------------------------------------------------------------------------------------------------

[2024-02-21 11:55:59 #1 store] 
Database 'C:\Users\u06153\Desktop\accesoDatos\trabajo\TrabajoAccesoDatos2evJuanFranciscoPerez\src\data\alquileres.odb' is opened by 22428@ZARINF07

[2024-02-21 11:55:59 #2 store] 
Configuration path: ?

[2024-02-21 11:55:59 #3 type] 
Type objectDB.Alquiler is not enhanced.

------------------------------------------------------------------------------------------------------------------------

[2024-02-21 11:58:29 #1 store] 
Database 'C:\Users\u06153\Desktop\accesoDatos\trabajo\TrabajoAccesoDatos2evJuanFranciscoPerez\src\data\alquileres.odb' is opened by 22392@ZARINF07

[2024-02-21 11:58:29 #2 store] 
Configuration path: ?

[2024-02-21 11:58:29 #3 type] 
Type objectDB.Alquiler is not enhanced.

------------------------------------------------------------------------------------------------------------------------

[2024-02-21 12:06:49 #1 store] 
Database 'C:\Users\u06153\Desktop\accesoDatos\trabajo\TrabajoAccesoDatos2evJuanFranciscoPerez\src\data\alquileres.odb' is opened by 11636@ZARINF07

[2024-02-21 12:06:49 #2 store] 
Configuration path: ?

[2024-02-21 12:06:49 #3 type] 
Type objectDB.Alquiler is not enhanced.

------------------------------------------------------------------------------------------------------------------------

[2024-02-21 12:08:26 #1 store] 
Database 'C:\Users\u06153\Desktop\accesoDatos\trabajo\TrabajoAccesoDatos2evJuanFranciscoPerez\src\data\alquileres.odb' has been recovered (tr. 22-22)

[2024-02-21 12:08:26 #2 store] 
Database 'C:\Users\u06153\Desktop\accesoDatos\trabajo\TrabajoAccesoDatos2evJuanFranciscoPerez\src\data\alquileres.odb' is opened by 2116@ZARINF07

[2024-02-21 12:08:26 #3 store] 
Configuration path: ?

[2024-02-21 12:08:26 #4 type] 
Type objectDB.Alquiler is not enhanced.

------------------------------------------------------------------------------------------------------------------------

[2024-02-21 12:08:36 #1 store] 
Database 'C:\Users\u06153\Desktop\accesoDatos\trabajo\TrabajoAccesoDatos2evJuanFranciscoPerez\src\data\alquileres.odb' is opened by 17464@ZARINF07

[2024-02-21 12:08:36 #2 store] 
Configuration path: ?

[2024-02-21 12:08:36 #3 type] 
Type objectDB.Alquiler is not enhanced.

------------------------------------------------------------------------------------------------------------------------

[2024-02-21 12:09:39 #1 store] 
Database 'C:\Users\u06153\Desktop\accesoDatos\trabajo\TrabajoAccesoDatos2evJuanFranciscoPerez\src\data\alquileres.odb' is opened by 21660@ZARINF07

[2024-02-21 12:09:39 #2 store] 
Configuration path: ?

[2024-02-21 12:09:39 #3 type] 
Type objectDB.Alquiler is not enhanced.

------------------------------------------------------------------------------------------------------------------------

[2024-02-21 12:10:10 #1 store] 
Database 'C:\Users\u06153\Desktop\accesoDatos\trabajo\TrabajoAccesoDatos2evJuanFranciscoPerez\src\data\alquileres.odb' has been recovered (tr. 23-23)

[2024-02-21 12:10:11 #2 store] 
Database 'C:\Users\u06153\Desktop\accesoDatos\trabajo\TrabajoAccesoDatos2evJuanFranciscoPerez\src\data\alquileres.odb' is opened by 21676@ZARINF07

[2024-02-21 12:10:11 #3 store] 
Configuration path: ?

[2024-02-21 12:10:11 #4 type] 
Type objectDB.Alquiler is not enhanced.

------------------------------------------------------------------------------------------------------------------------

[2024-02-21 12:10:36 #1 store] 
Database 'C:\Users\u06153\Desktop\accesoDatos\trabajo\TrabajoAccesoDatos2evJuanFranciscoPerez\src\data\alquileres.odb' is opened by 13008@ZARINF07

[2024-02-21 12:10:36 #2 store] 
Configuration path: ?

[2024-02-21 12:10:36 #3 type] 
Type objectDB.Alquiler is not enhanced.

------------------------------------------------------------------------------------------------------------------------

[2024-02-21 12:10:46 #1 store] 
Database 'C:\Users\u06153\Desktop\accesoDatos\trabajo\TrabajoAccesoDatos2evJuanFranciscoPerez\src\data\alquileres.odb' has been recovered (tr. 25-25)

[2024-02-21 12:10:46 #2 store] 
Database 'C:\Users\u06153\Desktop\accesoDatos\trabajo\TrabajoAccesoDatos2evJuanFranciscoPerez\src\data\alquileres.odb' is opened by 23884@ZARINF07

[2024-02-21 12:10:46 #3 store] 
Configuration path: ?

[2024-02-21 12:10:46 #4 type] 
Type objectDB.Alquiler is not enhanced.

------------------------------------------------------------------------------------------------------------------------

[2024-02-21 12:11:44 #1 store] 
Database 'C:\Users\u06153\Desktop\accesoDatos\trabajo\TrabajoAccesoDatos2evJuanFranciscoPerez\src\data\alquileres.odb' has been recovered (tr. 26-26)

[2024-02-21 12:11:44 #2 store] 
Database 'C:\Users\u06153\Desktop\accesoDatos\trabajo\TrabajoAccesoDatos2evJuanFranciscoPerez\src\data\alquileres.odb' is opened by 13304@ZARINF07

[2024-02-21 12:11:44 #3 store] 
Configuration path: ?

[2024-02-21 12:11:44 #4 type] 
Type objectDB.Alquiler is not enhanced.

------------------------------------------------------------------------------------------------------------------------

[2024-02-21 12:30:40 #1 store] 
Database 'C:\Users\u06153\Desktop\accesoDatos\trabajo\TrabajoAccesoDatos2evJuanFranciscoPerez\src\data\alquileres.odb' has been recovered (tr. 27-27)

[2024-02-21 12:30:40 #2 store] 
Database 'C:\Users\u06153\Desktop\accesoDatos\trabajo\TrabajoAccesoDatos2evJuanFranciscoPerez\src\data\alquileres.odb' is opened by 2508@ZARINF07

[2024-02-21 12:30:40 #3 store] 
Configuration path: ?

[2024-02-21 12:30:41 #4 type] 
Type objectDB.Alquiler is not enhanced.

------------------------------------------------------------------------------------------------------------------------

[2024-02-21 12:33:50 #1 store] 
Database 'C:\Users\u06153\Desktop\accesoDatos\trabajo\TrabajoAccesoDatos2evJuanFranciscoPerez\src\data\alquileres.odb' has been recovered (tr. 28-28)

[2024-02-21 12:33:50 #2 store] 
Database 'C:\Users\u06153\Desktop\accesoDatos\trabajo\TrabajoAccesoDatos2evJuanFranciscoPerez\src\data\alquileres.odb' is opened by 13456@ZARINF07

[2024-02-21 12:33:50 #3 store] 
Configuration path: ?

[2024-02-21 12:33:50 #4 type] 
Type objectDB.Alquiler is not enhanced.

------------------------------------------------------------------------------------------------------------------------

[2024-02-21 12:38:47 #1 store] 
Database 'C:\Users\u06153\Desktop\accesoDatos\trabajo\TrabajoAccesoDatos2evJuanFranciscoPerez\src\data\alquileres.odb' is opened by 400@ZARINF07

[2024-02-21 12:38:47 #2 store] 
Configuration path: ?

[2024-02-21 12:38:47 #3 type] 
Type objectDB.Alquiler is not enhanced.

------------------------------------------------------------------------------------------------------------------------

[2024-02-21 12:39:28 #1 store] 
Database 'C:\Users\u06153\Desktop\accesoDatos\trabajo\TrabajoAccesoDatos2evJuanFranciscoPerez\src\data\alquileres.odb' is opened by 3056@ZARINF07

[2024-02-21 12:39:28 #2 store] 
Configuration path: ?

[2024-02-21 12:39:28 #3 type] 
Type objectDB.Alquiler is not enhanced.

------------------------------------------------------------------------------------------------------------------------

[2024-02-21 12:41:38 #1 store] 
Database 'C:\Users\u06153\Desktop\accesoDatos\trabajo\TrabajoAccesoDatos2evJuanFranciscoPerez\src\data\alquileres.odb' is opened by 18092@ZARINF07

[2024-02-21 12:41:38 #2 store] 
Configuration path: ?

[2024-02-21 12:41:38 #3 type] 
Type objectDB.Alquiler is not enhanced.

------------------------------------------------------------------------------------------------------------------------

[2024-02-21 12:44:28 #1 store] 
Database 'C:\Users\u06153\Desktop\accesoDatos\trabajo\TrabajoAccesoDatos2evJuanFranciscoPerez\src\data\alquileres.odb' is opened by 23036@ZARINF07

[2024-02-21 12:44:28 #2 store] 
Configuration path: ?

[2024-02-21 12:44:28 #3 type] 
Type objectDB.Alquiler is not enhanced.

------------------------------------------------------------------------------------------------------------------------

[2024-02-21 12:46:20 #1 store] 
Database 'C:\Users\u06153\Desktop\accesoDatos\trabajo\TrabajoAccesoDatos2evJuanFranciscoPerez\src\data\alquileres.odb' is opened by 22048@ZARINF07

[2024-02-21 12:46:20 #2 store] 
Configuration path: ?

[2024-02-21 12:46:20 #3 type] 
Type objectDB.Alquiler is not enhanced.

------------------------------------------------------------------------------------------------------------------------

[2024-02-21 12:52:43 #1 store] 
Database 'C:\Users\u06153\Desktop\accesoDatos\trabajo\TrabajoAccesoDatos2evJuanFranciscoPerez\src\data\alquileres.odb' has been recovered (tr. 29-29)

[2024-02-21 12:52:43 #2 store] 
Database 'C:\Users\u06153\Desktop\accesoDatos\trabajo\TrabajoAccesoDatos2evJuanFranciscoPerez\src\data\alquileres.odb' is opened by 14044@ZARINF07

[2024-02-21 12:52:43 #3 store] 
Configuration path: ?

[2024-02-21 12:52:43 #4 type] 
Type objectDB.Alquiler is not enhanced.

------------------------------------------------------------------------------------------------------------------------

[2024-02-21 12:54:26 #1 store] 
Database 'C:\Users\u06153\Desktop\accesoDatos\trabajo\TrabajoAccesoDatos2evJuanFranciscoPerez\src\data\alquileres.odb' is opened by 2708@ZARINF07

[2024-02-21 12:54:26 #2 store] 
Configuration path: ?

[2024-02-21 12:54:26 #3 type] 
Type objectDB.Alquiler is not enhanced.

