------------------------------------------------------------------------------------------------------------------------

[2024-02-25 11:28:40 #1 store] 
Database 'C:\Users\juanf\IdeaProjects\trabajoAccesoDatos\src\data\alquileres.odb' is opened by 17580@LAPTOP-MMN745F5

[2024-02-25 11:28:40 #2 store] 
Configuration path: ?

[2024-02-25 11:28:40 #3 type] 
Type objectDB.Alquiler is not enhanced.

------------------------------------------------------------------------------------------------------------------------

[2024-02-25 11:30:40 #1 store] 
Database 'C:\Users\juanf\IdeaProjects\trabajoAccesoDatos\src\data\alquileres.odb' is opened by 12508@LAPTOP-MMN745F5

[2024-02-25 11:30:40 #2 store] 
Configuration path: ?

[2024-02-25 11:30:40 #3 type] 
Type objectDB.Alquiler is not enhanced.

------------------------------------------------------------------------------------------------------------------------

[2024-02-25 11:52:06 #1 store] 
Database 'C:\Users\juanf\IdeaProjects\trabajoAccesoDatos\src\data\alquileres.odb' is opened by 16276@LAPTOP-MMN745F5

[2024-02-25 11:52:06 #2 store] 
Configuration path: ?

[2024-02-25 11:52:06 #3 type] 
Type objectDB.Alquiler is not enhanced.

------------------------------------------------------------------------------------------------------------------------

[2024-02-25 11:54:01 #1 store] 
Database 'C:\Users\juanf\IdeaProjects\trabajoAccesoDatos\src\data\alquileres.odb' is opened by 17072@LAPTOP-MMN745F5

[2024-02-25 11:54:01 #2 store] 
Configuration path: ?

[2024-02-25 11:54:01 #3 type] 
Type objectDB.Alquiler is not enhanced.

------------------------------------------------------------------------------------------------------------------------

[2024-02-25 12:04:57 #1 store] 
Database 'C:\Users\juanf\IdeaProjects\trabajoAccesoDatos\src\data\alquileres.odb' is opened by 23412@LAPTOP-MMN745F5

[2024-02-25 12:04:57 #2 store] 
Configuration path: ?

[2024-02-25 12:04:57 #3 type] 
Type objectDB.Alquiler is not enhanced.

------------------------------------------------------------------------------------------------------------------------

[2024-02-25 12:06:07 #1 store] 
Database 'C:\Users\juanf\IdeaProjects\trabajoAccesoDatos\src\data\alquileres.odb' is opened by 3328@LAPTOP-MMN745F5

[2024-02-25 12:06:07 #2 store] 
Configuration path: ?

[2024-02-25 12:06:07 #3 type] 
Type objectDB.Alquiler is not enhanced.

------------------------------------------------------------------------------------------------------------------------

[2024-02-25 12:11:35 #1 store] 
Database 'C:\Users\juanf\IdeaProjects\trabajoAccesoDatos\src\data\alquileres.odb' is opened by 9272@LAPTOP-MMN745F5

[2024-02-25 12:11:35 #2 store] 
Configuration path: ?

[2024-02-25 12:11:35 #3 type] 
Type objectDB.Alquiler is not enhanced.

------------------------------------------------------------------------------------------------------------------------

[2024-02-25 12:16:31 #1 store] 
Database 'C:\Users\juanf\IdeaProjects\trabajoAccesoDatos\src\data\alquileres.odb' has been recovered (tr. 5-6)

[2024-02-25 12:16:31 #2 store] 
Database 'C:\Users\juanf\IdeaProjects\trabajoAccesoDatos\src\data\alquileres.odb' is opened by 12116@LAPTOP-MMN745F5

[2024-02-25 12:16:31 #3 store] 
Configuration path: ?

[2024-02-25 12:16:31 #4 type] 
Type objectDB.Alquiler is not enhanced.

------------------------------------------------------------------------------------------------------------------------

[2024-02-25 13:05:57 #1 store] 
Database 'C:\Users\juanf\IdeaProjects\trabajoAccesoDatos\src\data\alquileres.odb' is opened by 22156@LAPTOP-MMN745F5

[2024-02-25 13:05:57 #2 store] 
Configuration path: ?

[2024-02-25 13:05:57 #3 type] 
Type objectDB.Alquiler is not enhanced.

------------------------------------------------------------------------------------------------------------------------

[2024-02-25 13:06:39 #1 store] 
Database 'C:\Users\juanf\IdeaProjects\trabajoAccesoDatos\src\data\alquileres.odb' is opened by 6052@LAPTOP-MMN745F5

[2024-02-25 13:06:39 #2 store] 
Configuration path: ?

[2024-02-25 13:06:39 #3 type] 
Type objectDB.Alquiler is not enhanced.

------------------------------------------------------------------------------------------------------------------------

[2024-02-25 13:07:39 #1 store] 
Database 'C:\Users\juanf\IdeaProjects\trabajoAccesoDatos\src\data\alquileres.odb' is opened by 13024@LAPTOP-MMN745F5

[2024-02-25 13:07:39 #2 store] 
Configuration path: ?

[2024-02-25 13:07:39 #3 type] 
Type objectDB.Alquiler is not enhanced.

------------------------------------------------------------------------------------------------------------------------

[2024-02-25 13:08:44 #1 store] 
Database 'C:\Users\juanf\IdeaProjects\trabajoAccesoDatos\src\data\alquileres.odb' is opened by 23376@LAPTOP-MMN745F5

[2024-02-25 13:08:44 #2 store] 
Configuration path: ?

[2024-02-25 13:08:44 #3 type] 
Type objectDB.Alquiler is not enhanced.

[2024-02-25 13:09:06 #4 store] 
Database 'C:\Users\juanf\IdeaProjects\trabajoAccesoDatos\src\data\alquileres.odb' is closed by 23376@LAPTOP-MMN745F5

