------------------------------------------------------------------------------------------------------------------------

[2024-02-26 13:14:04 #1 store] 
Database 'C:\Users\juanf\IdeaProjects\trabajoAccesoDatos\src\data\alquileres.odb' is opened by 12064@LAPTOP-MMN745F5

[2024-02-26 13:14:04 #2 store] 
Configuration path: ?

[2024-02-26 13:14:04 #3 type] 
Type objectDB.Alquiler is not enhanced.

[2024-02-26 13:14:51 #4 store] 
Database 'C:\Users\juanf\IdeaProjects\trabajoAccesoDatos\src\data\alquileres.odb' is closed by 12064@LAPTOP-MMN745F5

------------------------------------------------------------------------------------------------------------------------

[2024-02-26 13:15:06 #1 store] 
Database 'C:\Users\juanf\IdeaProjects\trabajoAccesoDatos\src\data\alquileres.odb' is opened by 5680@LAPTOP-MMN745F5

[2024-02-26 13:15:06 #2 store] 
Configuration path: ?

[2024-02-26 13:15:06 #3 type] 
Type objectDB.Alquiler is not enhanced.

------------------------------------------------------------------------------------------------------------------------

[2024-02-26 13:15:48 #1 store] 
Database 'C:\Users\juanf\IdeaProjects\trabajoAccesoDatos\src\data\alquileres.odb' is opened by 19648@LAPTOP-MMN745F5

[2024-02-26 13:15:48 #2 store] 
Configuration path: ?

[2024-02-26 13:15:48 #3 type] 
Type objectDB.Alquiler is not enhanced.

------------------------------------------------------------------------------------------------------------------------

[2024-02-26 13:16:09 #1 store] 
Database 'C:\Users\juanf\IdeaProjects\trabajoAccesoDatos\src\data\alquileres.odb' is opened by 6672@LAPTOP-MMN745F5

[2024-02-26 13:16:09 #2 store] 
Configuration path: ?

[2024-02-26 13:16:09 #3 type] 
Type objectDB.Alquiler is not enhanced.

------------------------------------------------------------------------------------------------------------------------

[2024-02-26 13:17:10 #1 store] 
Database 'C:\Users\juanf\IdeaProjects\trabajoAccesoDatos\src\data\alquileres.odb' is opened by 20436@LAPTOP-MMN745F5

[2024-02-26 13:17:10 #2 store] 
Configuration path: ?

[2024-02-26 13:17:10 #3 type] 
Type objectDB.Alquiler is not enhanced.

[2024-02-26 13:17:24 #4 store] 
Database 'C:\Users\juanf\IdeaProjects\trabajoAccesoDatos\src\data\alquileres.odb' is closed by 20436@LAPTOP-MMN745F5

------------------------------------------------------------------------------------------------------------------------

[2024-02-26 13:18:36 #1 store] 
Database 'C:\Users\juanf\IdeaProjects\trabajoAccesoDatos\src\data\alquileres.odb' is opened by 15952@LAPTOP-MMN745F5

[2024-02-26 13:18:36 #2 store] 
Configuration path: ?

[2024-02-26 13:18:36 #3 type] 
Type objectDB.Alquiler is not enhanced.

[2024-02-26 13:18:47 #4 store] 
Database 'C:\Users\juanf\IdeaProjects\trabajoAccesoDatos\src\data\alquileres.odb' is closed by 15952@LAPTOP-MMN745F5

------------------------------------------------------------------------------------------------------------------------

[2024-02-26 13:18:59 #1 store] 
Database 'C:\Users\juanf\IdeaProjects\trabajoAccesoDatos\src\data\alquileres.odb' is opened by 23044@LAPTOP-MMN745F5

[2024-02-26 13:18:59 #2 store] 
Configuration path: ?

[2024-02-26 13:18:59 #3 type] 
Type objectDB.Alquiler is not enhanced.

